<?xml version="1.0" encoding="UTF-8"?>
<!-- Generated by org.testng.reporters.JUnitReportReporter -->
<testsuite hostname="LAPTOP-IBDPOR48" failures="0" tests="1" name="ReadProperties.ApplicationLogin" time="36.017" errors="0" timestamp="2024-12-21T19:30:03 IST" skipped="0">
  <testcase classname="ReadProperties.ApplicationLogin" name="ApplicationLogin1" time="36.017"/>
  <system-out/>
</testsuite> <!-- ReadProperties.ApplicationLogin -->
