<?xml version="1.0" encoding="UTF-8"?>
<!-- Generated by org.testng.reporters.JUnitReportReporter -->
<testsuite hostname="LAPTOP-IBDPOR48" failures="0" tests="1" name="ReadProperties.DropDownSelect2" time="37.038" errors="0" timestamp="2024-12-22T12:28:16 IST" skipped="0">
  <testcase classname="ReadProperties.DropDownSelect2" name="dropDownSelect2" time="37.038"/>
  <system-out/>
</testsuite> <!-- ReadProperties.DropDownSelect2 -->
