<?xml version="1.0" encoding="UTF-8"?>
<!-- Generated by org.testng.reporters.JUnitReportReporter -->
<testsuite hostname="LAPTOP-IBDPOR48" failures="0" tests="1" name="ReadProperties.DropDownSelect" time="38.678" errors="0" timestamp="2024-12-21T21:55:10 IST" skipped="0">
  <testcase classname="ReadProperties.DropDownSelect" name="DropDownSelectMethod" time="38.678"/>
  <system-out/>
</testsuite> <!-- ReadProperties.DropDownSelect -->
