<?xml version="1.0" encoding="UTF-8"?>
<!-- Generated by org.testng.reporters.JUnitReportReporter -->
<testsuite hostname="LAPTOP-IBDPOR48" failures="0" tests="1" name="ReadProperties.DropDownSelect1" time="34.865" errors="0" timestamp="2024-12-22T12:08:09 IST" skipped="0">
  <testcase classname="ReadProperties.DropDownSelect1" name="DropDownSelectEg" time="34.865"/>
  <system-out/>
</testsuite> <!-- ReadProperties.DropDownSelect1 -->
